# JRE version: OpenJDK Runtime Environment (11.0.10) (build 11.0.10+0-b96-7249189)
# Java VM: OpenJDK 64-Bit Server VM (11.0.10+0-b96-7249189, mixed mode, tiered, compressed oops, g1 gc, linux-amd64)
Heap:
 garbage-first heap   total 644096K, used 257408K [0x0000000080000000, 0x0000000100000000)
  region size 1024K, 3 young (3072K), 3 survivors (3072K)
 Metaspace       used 118146K, capacity 121069K, committed 121336K, reserved 1155072K
  class space    used 14954K, capacity 16089K, committed 16172K, reserved 1048576K
GC Heap History (20 events):
Event: 524.271 GC heap after
{Heap after GC invocations=119 (full 0):
 garbage-first heap   total 364544K, used 179636K [0x0000000080000000, 0x0000000100000000)
  region size 1024K, 6 young (6144K), 6 survivors (6144K)
 Metaspace       used 117055K, capacity 120006K, committed 120184K, reserved 1153024K
  class space    used 14905K, capacity 16024K, committed 16044K, reserved 1048576K
}
Event: 528.407 GC heap before
{Heap before GC invocations=119 (full 0):
 garbage-first heap   total 364544K, used 209332K [0x0000000080000000, 0x0000000100000000)
  region size 1024K, 36 young (36864K), 6 survivors (6144K)
 Metaspace       used 118061K, capacity 121063K, committed 121336K, reserved 1155072K
  class space    used 14953K, capacity 16089K, committed 16172K, reserved 1048576K
}
Event: 528.518 GC heap after
{Heap after GC invocations=120 (full 0):
 garbage-first heap   total 364544K, used 180736K [0x0000000080000000, 0x0000000100000000)
  region size 1024K, 2 young (2048K), 2 survivors (2048K)
 Metaspace       used 118061K, capacity 121063K, committed 121336K, reserved 1155072K
  class space    used 14953K, capacity 16089K, committed 16172K, reserved 1048576K
}
Event: 531.691 GC heap before
{Heap before GC invocations=120 (full 0):
 garbage-first heap   total 364544K, used 236032K [0x0000000080000000, 0x0000000100000000)
  region size 1024K, 41 young (41984K), 2 survivors (2048K)
 Metaspace       used 118113K, capacity 121064K, committed 121336K, reserved 1155072K
  class space    used 14954K, capacity 16089K, committed 16172K, reserved 1048576K
}
Event: 531.897 GC heap after
{Heap after GC invocations=121 (full 0):
 garbage-first heap   total 364544K, used 200192K [0x0000000080000000, 0x0000000100000000)
  region size 1024K, 6 young (6144K), 6 survivors (6144K)
 Metaspace       used 118113K, capacity 121064K, committed 121336K, reserved 1155072K
  class space    used 14954K, capacity 16089K, committed 16172K, reserved 1048576K
}
Event: 532.446 GC heap before
{Heap before GC invocations=121 (full 0):
 garbage-first heap   total 364544K, used 211456K [0x0000000080000000, 0x0000000100000000)
  region size 1024K, 17 young (17408K), 6 survivors (6144K)
 Metaspace       used 118114K, capacity 121064K, committed 121336K, reserved 1155072K
  class space    used 14954K, capacity 16089K, committed 16172K, reserved 1048576K
}
Event: 532.738 GC heap after
{Heap after GC invocations=122 (full 0):
 garbage-first heap   total 364544K, used 205824K [0x0000000080000000, 0x0000000100000000)
  region size 1024K, 3 young (3072K), 3 survivors (3072K)
 Metaspace       used 118114K, capacity 121064K, committed 121336K, reserved 1155072K
  class space    used 14954K, capacity 16089K, committed 16172K, reserved 1048576K
}
Event: 534.009 GC heap before
{Heap before GC invocations=122 (full 0):
 garbage-first heap   total 364544K, used 219136K [0x0000000080000000, 0x0000000100000000)
  region size 1024K, 17 young (17408K), 3 survivors (3072K)
 Metaspace       used 118116K, capacity 121064K, committed 121336K, reserved 1155072K
  class space    used 14954K, capacity 16089K, committed 16172K, reserved 1048576K
}
Event: 534.190 GC heap after
{Heap after GC invocations=123 (full 0):
 garbage-first heap   total 364544K, used 214016K [0x0000000080000000, 0x0000000100000000)
  region size 1024K, 3 young (3072K), 3 survivors (3072K)
 Metaspace       used 118116K, capacity 121064K, committed 121336K, reserved 1155072K
  class space    used 14954K, capacity 16089K, committed 16172K, reserved 1048576K
}
Event: 535.324 GC heap before
{Heap before GC invocations=123 (full 0):
 garbage-first heap   total 364544K, used 228352K [0x0000000080000000, 0x0000000100000000)
  region size 1024K, 17 young (17408K), 3 survivors (3072K)
 Metaspace       used 118116K, capacity 121064K, committed 121336K, reserved 1155072K
  class space    used 14954K, capacity 16089K, committed 16172K, reserved 1048576K
}
Event: 535.519 GC heap after
{Heap after GC invocations=124 (full 0):
 garbage-first heap   total 364544K, used 222720K [0x0000000080000000, 0x0000000100000000)
  region size 1024K, 3 young (3072K), 3 survivors (3072K)
 Metaspace       used 118116K, capacity 121064K, committed 121336K, reserved 1155072K
  class space    used 14954K, capacity 16089K, committed 16172K, reserved 1048576K
}
Event: 536.546 GC heap before
{Heap before GC invocations=124 (full 0):
 garbage-first heap   total 364544K, used 237056K [0x0000000080000000, 0x0000000100000000)
  region size 1024K, 17 young (17408K), 3 survivors (3072K)
 Metaspace       used 118119K, capacity 121064K, committed 121336K, reserved 1155072K
  class space    used 14954K, capacity 16089K, committed 16172K, reserved 1048576K
}
Event: 536.767 GC heap after
{Heap after GC invocations=125 (full 0):
 garbage-first heap   total 468992K, used 230912K [0x0000000080000000, 0x0000000100000000)
  region size 1024K, 3 young (3072K), 3 survivors (3072K)
 Metaspace       used 118119K, capacity 121064K, committed 121336K, reserved 1155072K
  class space    used 14954K, capacity 16089K, committed 16172K, reserved 1048576K
}
Event: 537.847 GC heap before
{Heap before GC invocations=125 (full 0):
 garbage-first heap   total 468992K, used 249344K [0x0000000080000000, 0x0000000100000000)
  region size 1024K, 22 young (22528K), 3 survivors (3072K)
 Metaspace       used 118133K, capacity 121067K, committed 121336K, reserved 1155072K
  class space    used 14954K, capacity 16089K, committed 16172K, reserved 1048576K
}
Event: 538.045 GC heap after
{Heap after GC invocations=126 (full 0):
 garbage-first heap   total 468992K, used 236032K [0x0000000080000000, 0x0000000100000000)
  region size 1024K, 3 young (3072K), 3 survivors (3072K)
 Metaspace       used 118133K, capacity 121067K, committed 121336K, reserved 1155072K
  class space    used 14954K, capacity 16089K, committed 16172K, reserved 1048576K
}
Event: 539.029 GC heap before
{Heap before GC invocations=126 (full 0):
 garbage-first heap   total 468992K, used 254464K [0x0000000080000000, 0x0000000100000000)
  region size 1024K, 22 young (22528K), 3 survivors (3072K)
 Metaspace       used 118137K, capacity 121067K, committed 121336K, reserved 1155072K
  class space    used 14954K, capacity 16089K, committed 16172K, reserved 1048576K
}
Event: 539.327 GC heap after
{Heap after GC invocations=127 (full 0):
 garbage-first heap   total 468992K, used 241728K [0x0000000080000000, 0x0000000100000000)
  region size 1024K, 3 young (3072K), 3 survivors (3072K)
 Metaspace       used 118137K, capacity 121067K, committed 121336K, reserved 1155072K
  class space    used 14954K, capacity 16089K, committed 16172K, reserved 1048576K
}
Event: 540.652 GC heap before
{Heap before GC invocations=127 (full 0):
 garbage-first heap   total 468992K, used 264256K [0x0000000080000000, 0x0000000100000000)
  region size 1024K, 22 young (22528K), 3 survivors (3072K)
 Metaspace       used 118139K, capacity 121067K, committed 121336K, reserved 1155072K
  class space    used 14954K, capacity 16089K, committed 16172K, reserved 1048576K
}
Event: 540.755 GC heap after
{Heap after GC invocations=128 (full 0):
 garbage-first heap   total 468992K, used 249088K [0x0000000080000000, 0x0000000100000000)
  region size 1024K, 3 young (3072K), 3 survivors (3072K)
 Metaspace       used 118139K, capacity 121067K, committed 121336K, reserved 1155072K
  class space    used 14954K, capacity 16089K, committed 16172K, reserved 1048576K
}
Event: 541.717 GC heap before
{Heap before GC invocations=128 (full 0):
 garbage-first heap   total 468992K, used 271616K [0x0000000080000000, 0x0000000100000000)
  region size 1024K, 22 young (22528K), 3 survivors (3072K)
 Metaspace       used 118146K, capacity 121069K, committed 121336K, reserved 1155072K
  class space    used 14954K, capacity 16089K, committed 16172K, reserved 1048576K
}

